  Center.cpp
D:\Studying\Uni\Data Structure\DS project\Physiotherapy-Center-Project\Physiotherapy Center\Center.cpp(37,13): warning C4101: 'Xther': unreferenced local variable
D:\Studying\Uni\Data Structure\DS project\Physiotherapy-Center-Project\Physiotherapy Center\Center.cpp(35,13): warning C4101: 'Uther': unreferenced local variable
D:\Studying\Uni\Data Structure\DS project\Physiotherapy-Center-Project\Physiotherapy Center\Center.cpp(36,13): warning C4101: 'Ether': unreferenced local variable
D:\Studying\Uni\Data Structure\DS project\Physiotherapy-Center-Project\Physiotherapy Center\Center.cpp(414,9): warning C4244: '=': conversion from 'double' to 'int', possible loss of data
D:\Studying\Uni\Data Structure\DS project\Physiotherapy-Center-Project\Physiotherapy Center\Center.cpp(421,9): warning C4244: '=': conversion from 'double' to 'int', possible loss of data
D:\Studying\Uni\Data Structure\DS project\Physiotherapy-Center-Project\Physiotherapy Center\Center.cpp(763,13): warning C4244: 'argument': conversion from 'time_t' to 'unsigned int', possible loss of data
D:\Studying\Uni\Data Structure\DS project\Physiotherapy-Center-Project\Physiotherapy Center\Center.cpp(1341,15): warning C4804: '<': unsafe use of type 'bool' in operation
D:\Studying\Uni\Data Structure\DS project\Physiotherapy-Center-Project\Physiotherapy Center\Center.cpp(1352,15): warning C4804: '<': unsafe use of type 'bool' in operation
D:\Studying\Uni\Data Structure\DS project\Physiotherapy-Center-Project\Physiotherapy Center\Center.cpp(1363,15): warning C4804: '<': unsafe use of type 'bool' in operation
D:\Studying\Uni\Data Structure\DS project\Physiotherapy-Center-Project\Physiotherapy Center\Center.cpp(1374,15): warning C4804: '<': unsafe use of type 'bool' in operation
D:\Studying\Uni\Data Structure\DS project\Physiotherapy-Center-Project\Physiotherapy Center\Center.cpp(1385,15): warning C4804: '<': unsafe use of type 'bool' in operation
  E_therapy.cpp
  Physiotherapy Center.cpp
  UI.cpp
  U_therapy.cpp
  X_therapy.cpp
  Generating Code...
D:\Studying\Uni\Data Structure\DS project\Physiotherapy-Center-Project\Physiotherapy Center\E_therapy.cpp(19,1): warning C4715: 'E_therapy::CanAssign': not all control paths return a value
  Physiotherapy Center.vcxproj -> D:\Studying\Uni\Data Structure\DS project\Physiotherapy-Center-Project\x64\Debug\Physiotherapy Center.exe
